<?xml version="1.0" encoding="UTF-8"?>
<!-- Generated by org.testng.reporters.JUnitReportReporter -->
<testsuite hostname="Jatin" failures="0" tests="2" name="JavaSeleniumsessions.Session33_TestNGParallelTestingDemo1" time="20.231" errors="0" timestamp="2024-05-21T12:40:27 IST" skipped="0">
  <testcase classname="JavaSeleniumsessions.Session33_TestNGParallelTestingDemo1" name="Verifylogo" time="12.154"/>
  <system-out/>
  <testcase classname="JavaSeleniumsessions.Session33_TestNGParallelTestingDemo1" name="verifyTitle" time="8.077"/>
  <system-out/>
</testsuite> <!-- JavaSeleniumsessions.Session33_TestNGParallelTestingDemo1 -->
