<?xml version="1.0" encoding="UTF-8"?>
<!-- Generated by org.testng.reporters.JUnitReportReporter -->
<testsuite hostname="Jatin" failures="0" tests="4" name="JavaSeleniumsessions.Session28TestNGEnableDisableTestcasesRegularExpression" time="0.020" errors="0" timestamp="2023-07-27T02:09:51 IST" skipped="0">
  <testcase classname="JavaSeleniumsessions.Session28TestNGEnableDisableTestcasesRegularExpression" name="MobileLoginPerfonalLoan" time="0.012"/>
  <system-out/>
  <testcase classname="JavaSeleniumsessions.Session28TestNGEnableDisableTestcasesRegularExpression" name="WebloginPerfonalLoan" time="0.003"/>
  <system-out/>
  <testcase classname="JavaSeleniumsessions.Session28TestNGEnableDisableTestcasesRegularExpression" name="WebloginAutomobileLoan" time="0.003"/>
  <system-out/>
  <testcase classname="JavaSeleniumsessions.Session28TestNGEnableDisableTestcasesRegularExpression" name="MobileloginAutomobileLoan" time="0.002"/>
  <system-out/>
</testsuite> <!-- JavaSeleniumsessions.Session28TestNGEnableDisableTestcasesRegularExpression -->
