<?xml version="1.0" encoding="UTF-8"?>
<!-- Generated by org.testng.reporters.JUnitReportReporter -->
<testsuite hostname="Jatin" failures="0" tests="3" name="JavaSeleniumsessions.Session30TestAnnotationsAttributesPracticalDemonstration" time="0.429" errors="0" timestamp="2023-07-28T00:59:46 IST" skipped="0">
  <testcase classname="JavaSeleniumsessions.Session30TestAnnotationsAttributesPracticalDemonstration" name="testCase1" time="0.014"/>
  <system-out/>
  <testcase classname="JavaSeleniumsessions.Session30TestAnnotationsAttributesPracticalDemonstration" name="testCase2" time="0.413"/>
  <system-out/>
  <testcase classname="JavaSeleniumsessions.Session30TestAnnotationsAttributesPracticalDemonstration" name="testcase3" time="0.002"/>
  <system-out/>
</testsuite> <!-- JavaSeleniumsessions.Session30TestAnnotationsAttributesPracticalDemonstration -->
