<?xml version="1.0" encoding="UTF-8"?>
<!-- Generated by org.testng.reporters.JUnitReportReporter -->
<testsuite hostname="Jatin" failures="0" tests="8" name="JavaSeleniumsessions.Session37_InvocationCount" time="0.038" errors="0" timestamp="2024-05-22T12:49:29 IST" skipped="0">
  <testcase classname="JavaSeleniumsessions.Session37_InvocationCount" name="Testmethod1" time="0.003"/>
  <system-out/>
  <testcase classname="JavaSeleniumsessions.Session37_InvocationCount" name="Testmethod1" time="0.002"/>
  <system-out/>
  <testcase classname="JavaSeleniumsessions.Session37_InvocationCount" name="Testmethod1" time="0.002"/>
  <system-out/>
  <testcase classname="JavaSeleniumsessions.Session37_InvocationCount" name="Testmethod2" time="0.002"/>
  <system-out/>
  <testcase classname="JavaSeleniumsessions.Session37_InvocationCount" name="Testmethod2" time="0.003"/>
  <system-out/>
  <testcase classname="JavaSeleniumsessions.Session37_InvocationCount" name="Testmethod2" time="0.002"/>
  <system-out/>
  <testcase classname="JavaSeleniumsessions.Session37_InvocationCount" name="Testmethod1" time="0.022"/>
  <system-out/>
  <testcase classname="JavaSeleniumsessions.Session37_InvocationCount" name="Testmethod1" time="0.002"/>
  <system-out/>
</testsuite> <!-- JavaSeleniumsessions.Session37_InvocationCount -->
