<?xml version="1.0" encoding="UTF-8"?>
<!-- Generated by org.testng.reporters.JUnitReportReporter -->
<testsuite hostname="Jatin" failures="0" tests="3" name="JavaSeleniumsessions.Session31TestNGParametersPracticalDemonstration" time="0.024" errors="0" timestamp="2024-05-21T10:55:18 IST" skipped="0">
  <testcase classname="JavaSeleniumsessions.Session31TestNGParametersPracticalDemonstration" name="Addition" time="0.017"/>
  <system-out/>
  <testcase classname="JavaSeleniumsessions.Session31TestNGParametersPracticalDemonstration" name="Substraction" time="0.005"/>
  <system-out/>
  <testcase classname="JavaSeleniumsessions.Session31TestNGParametersPracticalDemonstration" name="Multiplication" time="0.002"/>
  <system-out/>
</testsuite> <!-- JavaSeleniumsessions.Session31TestNGParametersPracticalDemonstration -->
