<?xml version="1.0" encoding="UTF-8"?>
<!-- Generated by org.testng.reporters.JUnitReportReporter -->
<testsuite hostname="Jatin" failures="0" tests="2" name="JavaSeleniumsessions.Session33_TestNGParallelTestingDemo1" time="16.570" errors="0" timestamp="2023-09-12T00:44:57 IST" skipped="0">
  <testcase classname="JavaSeleniumsessions.Session33_TestNGParallelTestingDemo1" name="verifyTitle" time="6.558"/>
  <system-out/>
  <testcase classname="JavaSeleniumsessions.Session33_TestNGParallelTestingDemo1" name="Verifylogo" time="10.012"/>
  <system-out/>
</testsuite> <!-- JavaSeleniumsessions.Session33_TestNGParallelTestingDemo1 -->
