<?xml version="1.0" encoding="UTF-8"?>
<!-- Generated by org.testng.reporters.JUnitReportReporter -->
<testsuite hostname="Jatin" failures="0" tests="1" name="JavaSeleniumsessions.Session31_Differentparametervalue" time="0.012" errors="0" timestamp="2023-09-11T23:21:36 IST" skipped="0">
  <testcase classname="JavaSeleniumsessions.Session31_Differentparametervalue" name="Automobileclass" time="0.012"/>
  <system-out/>
</testsuite> <!-- JavaSeleniumsessions.Session31_Differentparametervalue -->
