<?xml version="1.0" encoding="UTF-8"?>
<!-- Generated by org.testng.reporters.JUnitReportReporter -->
<testsuite hostname="Jatin" failures="0" tests="3" name="JavaSeleniumsessions.Session32TestNGDataProviders" time="38.136" errors="0" timestamp="2024-05-21T12:17:40 IST" skipped="0">
  <testcase classname="JavaSeleniumsessions.Session32TestNGDataProviders" name="Googlesearch" time="10.573"/>
  <system-out/>
  <testcase classname="JavaSeleniumsessions.Session32TestNGDataProviders" name="Googlesearch" time="10.560"/>
  <system-out/>
  <testcase classname="JavaSeleniumsessions.Session32TestNGDataProviders" name="Googlesearch" time="17.003"/>
  <system-out/>
</testsuite> <!-- JavaSeleniumsessions.Session32TestNGDataProviders -->
