<?xml version="1.0" encoding="UTF-8"?>
<!-- Generated by org.testng.reporters.JUnitReportReporter -->
<testsuite hostname="Jatin" failures="0" tests="3" name="JavaSeleniumsessions.Session32TestNGDataProviders" time="22.187" errors="0" timestamp="2023-08-16T23:27:52 IST" skipped="0">
  <testcase classname="JavaSeleniumsessions.Session32TestNGDataProviders" name="Googlesearch" time="6.366"/>
  <system-out/>
  <testcase classname="JavaSeleniumsessions.Session32TestNGDataProviders" name="Googlesearch" time="8.874"/>
  <system-out/>
  <testcase classname="JavaSeleniumsessions.Session32TestNGDataProviders" name="Googlesearch" time="6.947"/>
  <system-out/>
</testsuite> <!-- JavaSeleniumsessions.Session32TestNGDataProviders -->
