<?xml version="1.0" encoding="UTF-8"?>
<!-- Generated by org.testng.reporters.JUnitReportReporter -->
<testsuite hostname="Jatin" failures="0" tests="2" name="Session36BatchTesting.PaymentTest" time="0.015" errors="0" timestamp="2023-08-19T00:55:42 IST" skipped="0">
  <testcase classname="Session36BatchTesting.PaymentTest" name="CashOnDelivery" time="0.012"/>
  <system-out/>
  <testcase classname="Session36BatchTesting.PaymentTest" name="Netbanking" time="0.003"/>
  <system-out/>
</testsuite> <!-- Session36BatchTesting.PaymentTest -->
