<?xml version="1.0" encoding="UTF-8"?>
<!-- Generated by org.testng.reporters.JUnitReportReporter -->
<testsuite hostname="Jatin" failures="0" tests="1" name="JavaSeleniumsessions.Session38_Log4j" time="0.773" errors="0" timestamp="2024-05-22T02:20:27 IST" skipped="0">
  <testcase classname="JavaSeleniumsessions.Session38_Log4j" name="setuplog" time="0.773"/>
  <system-out/>
</testsuite> <!-- JavaSeleniumsessions.Session38_Log4j -->
