<?xml version="1.0" encoding="UTF-8"?>
<!-- Generated by org.testng.reporters.JUnitReportReporter -->
<testsuite hostname="Jatin" failures="0" tests="2" name="JavaSeleniumsessions.Session40_CrossBrowserTesting" time="30.374" errors="0" timestamp="2024-05-22T14:09:17 IST" skipped="0">
  <testcase classname="JavaSeleniumsessions.Session40_CrossBrowserTesting" name="LaunchGoogle" time="15.960"/>
  <system-out/>
  <testcase classname="JavaSeleniumsessions.Session40_CrossBrowserTesting" name="LaunchGoogle" time="14.414"/>
  <system-out/>
</testsuite> <!-- JavaSeleniumsessions.Session40_CrossBrowserTesting -->
