<?xml version="1.0" encoding="UTF-8"?>
<!-- Generated by org.testng.reporters.JUnitReportReporter -->
<testsuite hostname="Jatin" failures="0" tests="3" name="JavaSeleniumsessions.Session31TestNGParametersPracticalDemonstration" time="0.026" errors="0" timestamp="2023-08-08T01:01:13 IST" skipped="0">
  <testcase classname="JavaSeleniumsessions.Session31TestNGParametersPracticalDemonstration" name="Multiplication" time="0.006"/>
  <system-out/>
  <testcase classname="JavaSeleniumsessions.Session31TestNGParametersPracticalDemonstration" name="Substraction" time="0.003"/>
  <system-out/>
  <testcase classname="JavaSeleniumsessions.Session31TestNGParametersPracticalDemonstration" name="Addition" time="0.017"/>
  <system-out/>
</testsuite> <!-- JavaSeleniumsessions.Session31TestNGParametersPracticalDemonstration -->
