<?xml version="1.0" encoding="UTF-8"?>
<!-- Generated by org.testng.reporters.JUnitReportReporter -->
<testsuite hostname="Jatin" failures="0" tests="1" name="JavaSeleniumsessions.Session31_Differentparametervalue2" time="0.003" errors="0" timestamp="2023-09-11T23:21:36 IST" skipped="0">
  <testcase classname="JavaSeleniumsessions.Session31_Differentparametervalue2" name="Softwareclass" time="0.003"/>
  <system-out/>
</testsuite> <!-- JavaSeleniumsessions.Session31_Differentparametervalue2 -->
