<?xml version="1.0" encoding="UTF-8"?>
<!-- Generated by org.testng.reporters.JUnitReportReporter -->
<testsuite hostname="Jatin" failures="0" tests="2" name="JavaSeleniumsessions.Session26TestNGInstallationCreateTestCaseTestResultsReport" time="11.654" errors="0" timestamp="2023-07-27T01:21:45 IST" skipped="0">
  <testcase classname="JavaSeleniumsessions.Session26TestNGInstallationCreateTestCaseTestResultsReport" name="myTitle" time="6.452"/>
  <system-out/>
  <testcase classname="JavaSeleniumsessions.Session26TestNGInstallationCreateTestCaseTestResultsReport" name="myUrl" time="5.202"/>
  <system-out/>
</testsuite> <!-- JavaSeleniumsessions.Session26TestNGInstallationCreateTestCaseTestResultsReport -->
