<?xml version="1.0" encoding="UTF-8"?>
<!-- Generated by org.testng.reporters.JUnitReportReporter -->
<testsuite hostname="Jatin" failures="0" tests="2" name="JavaSeleniumsessions.Session29TestNGAnnotations$AllAnnotations" time="0.036" errors="0" timestamp="2024-05-21T10:40:43 IST" skipped="0">
  <testcase classname="JavaSeleniumsessions.Session29TestNGAnnotations$AllAnnotations" name="Mytest1" time="0.030"/>
  <system-out/>
  <testcase classname="JavaSeleniumsessions.Session29TestNGAnnotations$AllAnnotations" name="MyTest2" time="0.006"/>
  <system-out/>
</testsuite> <!-- JavaSeleniumsessions.Session29TestNGAnnotations$AllAnnotations -->
