<?xml version="1.0" encoding="UTF-8"?>
<!-- Generated by org.testng.reporters.JUnitReportReporter -->
<testsuite hostname="Jatin" failures="0" tests="2" name="JavaSeleniumsessions.Session27TestNGXMLFile" time="0.039" errors="0" timestamp="2024-05-20T12:54:22 IST" skipped="0">
  <testcase classname="JavaSeleniumsessions.Session27TestNGXMLFile" name="searchpage" time="0.007"/>
  <system-out/>
  <testcase classname="JavaSeleniumsessions.Session27TestNGXMLFile" name="homepage" time="0.032"/>
  <system-out/>
</testsuite> <!-- JavaSeleniumsessions.Session27TestNGXMLFile -->
