<?xml version="1.0" encoding="UTF-8"?>
<!-- Generated by org.testng.reporters.JUnitReportReporter -->
<testsuite hostname="Jatin" failures="0" tests="1" name="Session39_POM.CallwithoutPOM" time="5.833" errors="0" timestamp="2023-08-29T00:23:24 IST" skipped="0">
  <testcase classname="Session39_POM.CallwithoutPOM" name="LoginPage" time="5.833"/>
  <system-out/>
</testsuite> <!-- Session39_POM.CallwithoutPOM -->
