<?xml version="1.0" encoding="UTF-8"?>
<!-- Generated by org.testng.reporters.JUnitReportReporter -->
<testsuite hostname="Jatin" failures="0" tests="1" name="JavaSeleniumsessions.Session35_TestNGAssertion" time="5.662" errors="0" timestamp="2023-08-18T00:46:25 IST" skipped="0">
  <testcase classname="JavaSeleniumsessions.Session35_TestNGAssertion" name="Verifytitle" time="5.662"/>
  <system-out/>
</testsuite> <!-- JavaSeleniumsessions.Session35_TestNGAssertion -->
