<?xml version="1.0" encoding="UTF-8"?>
<!-- Generated by org.testng.reporters.JUnitReportReporter -->
<testsuite hostname="Jatin" failures="0" tests="3" name="JavaSeleniumsessions.test" time="38.903" errors="0" timestamp="2024-05-21T12:20:21 IST" skipped="0">
  <testcase classname="JavaSeleniumsessions.test" name="ddt" time="14.237"/>
  <system-out/>
  <testcase classname="JavaSeleniumsessions.test" name="ddt" time="12.533"/>
  <system-out/>
  <testcase classname="JavaSeleniumsessions.test" name="ddt" time="12.133"/>
  <system-out/>
</testsuite> <!-- JavaSeleniumsessions.test -->
