<?xml version="1.0" encoding="UTF-8"?>
<!-- Generated by org.testng.reporters.JUnitReportReporter -->
<testsuite hostname="Jatin" failures="0" tests="2" name="Session36BatchTesting.LoginTest" time="0.006" errors="0" timestamp="2023-08-19T00:55:42 IST" skipped="0">
  <testcase classname="Session36BatchTesting.LoginTest" name="LoginByEmailId" time="0.004"/>
  <system-out/>
  <testcase classname="Session36BatchTesting.LoginTest" name="LoginbyMobileNumer" time="0.002"/>
  <system-out/>
</testsuite> <!-- Session36BatchTesting.LoginTest -->
