<?xml version="1.0" encoding="UTF-8"?>
<!-- Generated by org.testng.reporters.JUnitReportReporter -->
<testsuite hostname="Jatin" failures="0" tests="1" name="Session39_POM.CallPOM" time="6.996" errors="0" timestamp="2023-09-19T00:39:54 IST" skipped="0">
  <testcase classname="Session39_POM.CallPOM" name="loginPage" time="6.996"/>
  <system-out/>
</testsuite> <!-- Session39_POM.CallPOM -->
