<?xml version="1.0" encoding="UTF-8"?>
<!-- Generated by org.testng.reporters.JUnitReportReporter -->
<testsuite hostname="Jatin" failures="0" tests="2" name="JavaSeleniumsessions.Session31_Parametergooglesearch" time="16.491" errors="0" timestamp="2023-08-03T01:39:05 IST" skipped="0">
  <testcase classname="JavaSeleniumsessions.Session31_Parametergooglesearch" name="Googlesearch" time="5.885"/>
  <system-out/>
  <testcase classname="JavaSeleniumsessions.Session31_Parametergooglesearch" name="Googlesearch" time="10.606"/>
  <system-out/>
</testsuite> <!-- JavaSeleniumsessions.Session31_Parametergooglesearch -->
