<?xml version="1.0" encoding="UTF-8"?>
<!-- Generated by org.testng.reporters.JUnitReportReporter -->
<testsuite hostname="Jatin" failures="0" tests="1" name="JavaSeleniumsessions.Session33_TestNGParallelTestingDemo2" time="11.539" errors="0" timestamp="2023-09-12T00:44:57 IST" skipped="0">
  <testcase classname="JavaSeleniumsessions.Session33_TestNGParallelTestingDemo2" name="logintitle" time="11.539"/>
  <system-out/>
</testsuite> <!-- JavaSeleniumsessions.Session33_TestNGParallelTestingDemo2 -->
