<?xml version="1.0" encoding="UTF-8"?>
<!-- Generated by org.testng.reporters.JUnitReportReporter -->
<testsuite hostname="Jatin" failures="0" tests="2" name="JavaSeleniumsessions.Session29TestNGAnnotations$AllAnnotations" time="0.027" errors="0" timestamp="2023-08-08T01:39:20 IST" skipped="0">
  <testcase classname="JavaSeleniumsessions.Session29TestNGAnnotations$AllAnnotations" name="Mytest1" time="0.017"/>
  <system-out/>
  <testcase classname="JavaSeleniumsessions.Session29TestNGAnnotations$AllAnnotations" name="MyTest2" time="0.010"/>
  <system-out/>
</testsuite> <!-- JavaSeleniumsessions.Session29TestNGAnnotations$AllAnnotations -->
