<?xml version="1.0" encoding="UTF-8"?>
<!-- Generated by org.testng.reporters.JUnitReportReporter -->
<testsuite hostname="Jatin" failures="0" tests="1" name="JavaSeleniumsessions.Session33_TestNGParallelTestingDemo2" time="12.068" errors="0" timestamp="2024-05-21T12:40:27 IST" skipped="0">
  <testcase classname="JavaSeleniumsessions.Session33_TestNGParallelTestingDemo2" name="logintitle" time="12.068"/>
  <system-out/>
</testsuite> <!-- JavaSeleniumsessions.Session33_TestNGParallelTestingDemo2 -->
