<?xml version="1.0" encoding="UTF-8"?>
<!-- Generated by org.testng.reporters.JUnitReportReporter -->
<testsuite hostname="Jatin" failures="0" tests="3" name="Session36BatchTesting.HomeScreen" time="0.004" errors="0" timestamp="2023-08-19T00:55:42 IST" skipped="0">
  <testcase classname="Session36BatchTesting.HomeScreen" name="VerifyTitle" time="0.001"/>
  <system-out/>
  <testcase classname="Session36BatchTesting.HomeScreen" name="LaunchApplication" time="0.001"/>
  <system-out/>
  <testcase classname="Session36BatchTesting.HomeScreen" name="VerifyLogo" time="0.002"/>
  <system-out/>
</testsuite> <!-- Session36BatchTesting.HomeScreen -->
