<?xml version="1.0" encoding="UTF-8"?>
<!-- Generated by org.testng.reporters.JUnitReportReporter -->
<testsuite hostname="Jatin" failures="0" tests="8" name="JavaSeleniumsessions.Session37_InvocationCount" time="0.039" errors="0" timestamp="2023-09-12T01:07:04 IST" skipped="0">
  <testcase classname="JavaSeleniumsessions.Session37_InvocationCount" name="Testmethod1" time="0.001"/>
  <system-out/>
  <testcase classname="JavaSeleniumsessions.Session37_InvocationCount" name="Testmethod2" time="0.002"/>
  <system-out/>
  <testcase classname="JavaSeleniumsessions.Session37_InvocationCount" name="Testmethod1" time="0.004"/>
  <system-out/>
  <testcase classname="JavaSeleniumsessions.Session37_InvocationCount" name="Testmethod2" time="0.005"/>
  <system-out/>
  <testcase classname="JavaSeleniumsessions.Session37_InvocationCount" name="Testmethod2" time="0.004"/>
  <system-out/>
  <testcase classname="JavaSeleniumsessions.Session37_InvocationCount" name="Testmethod1" time="0.012"/>
  <system-out/>
  <testcase classname="JavaSeleniumsessions.Session37_InvocationCount" name="Testmethod1" time="0.004"/>
  <system-out/>
  <testcase classname="JavaSeleniumsessions.Session37_InvocationCount" name="Testmethod1" time="0.007"/>
  <system-out/>
</testsuite> <!-- JavaSeleniumsessions.Session37_InvocationCount -->
