<?xml version="1.0" encoding="UTF-8"?>
<!-- Generated by org.testng.reporters.JUnitReportReporter -->
<testsuite hostname="Jatin" failures="0" tests="2" name="JavaSeleniumsessions.Session31_Parametergooglesearch" time="20.465" errors="0" timestamp="2024-05-21T11:37:36 IST" skipped="0">
  <testcase classname="JavaSeleniumsessions.Session31_Parametergooglesearch" name="Googlesearch" time="11.050"/>
  <system-out/>
  <testcase classname="JavaSeleniumsessions.Session31_Parametergooglesearch" name="Googlesearch" time="9.415"/>
  <system-out/>
</testsuite> <!-- JavaSeleniumsessions.Session31_Parametergooglesearch -->
