<?xml version="1.0" encoding="UTF-8"?>
<!-- Generated by org.testng.reporters.JUnitReportReporter -->
<testsuite hostname="Jatin" failures="0" tests="1" name="JavaSeleniumsessions.Session31_Differentparametervalue2" time="0.004" errors="0" timestamp="2024-05-21T11:03:01 IST" skipped="0">
  <testcase classname="JavaSeleniumsessions.Session31_Differentparametervalue2" name="Softwareclass" time="0.004"/>
  <system-out/>
</testsuite> <!-- JavaSeleniumsessions.Session31_Differentparametervalue2 -->
