<?xml version="1.0" encoding="UTF-8"?>
<!-- Generated by org.testng.reporters.JUnitReportReporter -->
<testsuite hostname="Jatin" failures="0" tests="1" name="JavaSeleniumsessions.Session47_HeadlessBrowser" time="5.023" errors="0" timestamp="2023-09-12T02:02:46 IST" skipped="0">
  <testcase classname="JavaSeleniumsessions.Session47_HeadlessBrowser" name="launchHeadlessbroswer" time="5.023"/>
  <system-out/>
</testsuite> <!-- JavaSeleniumsessions.Session47_HeadlessBrowser -->
