<?xml version="1.0" encoding="UTF-8"?>
<!-- Generated by org.testng.reporters.JUnitReportReporter -->
<testsuite hostname="Jatin" failures="0" tests="3" name="Session36BatchTesting.ProductPageTest" time="0.007" errors="0" timestamp="2023-08-19T00:55:42 IST" skipped="0">
  <testcase classname="Session36BatchTesting.ProductPageTest" name="SelectQuantity" time="0.002"/>
  <system-out/>
  <testcase classname="Session36BatchTesting.ProductPageTest" name="AddProductToWishList" time="0.002"/>
  <system-out/>
  <testcase classname="Session36BatchTesting.ProductPageTest" name="AddProductToCart" time="0.003"/>
  <system-out/>
</testsuite> <!-- Session36BatchTesting.ProductPageTest -->
