<?xml version="1.0" encoding="UTF-8"?>
<!-- Generated by org.testng.reporters.JUnitReportReporter -->
<testsuite hostname="Jatin" failures="0" tests="2" name="JavaSeleniumsessions.Session35_TestNGAssertion" time="14.679" errors="0" timestamp="2024-05-21T13:58:47 IST" skipped="0">
  <testcase classname="JavaSeleniumsessions.Session35_TestNGAssertion" name="Verifytitle" time="5.838"/>
  <system-out/>
  <testcase classname="JavaSeleniumsessions.Session35_TestNGAssertion" name="login" time="8.841"/>
  <system-out/>
</testsuite> <!-- JavaSeleniumsessions.Session35_TestNGAssertion -->
